<?xml version="1.0" encoding="UTF-8"?>
<!-- Generated by org.testng.reporters.JUnitXMLReporter -->
<testsuite hostname="UXINMIC-5I88O0I" ignored="0" name="para" tests="1" failures="1" timestamp="2019-09-18T18:02:51 CST" time="0.041" errors="0">
  <testcase name="parameter" time="0.0" classname="com.test.testng.paramter.ParamterTest">
    <failure type="org.testng.TestNGException" message="
Parameter &amp;apos;name&amp;apos; is required by @Test on method parameter but has not been marked @Optional or defined
in D:\workspace\muke\AutoTest\TestCase\src\main\resources\paramter.xml">
      <![CDATA[org.testng.TestNGException: 
Parameter 'name' is required by @Test on method parameter but has not been marked @Optional or defined
in D:\workspace\muke\AutoTest\TestCase\src\main\resources\paramter.xml
at java.util.ArrayList.forEach(Unknown Source)
... Removed 26 stack frames]]>
    </failure>
  </testcase> <!-- parameter -->
</testsuite> <!-- para -->
